2022-08-30 14:04:38,932 [Worker-6: Loading available Gradle versions] INFO  o.e.b.c.i.u.g.PublishedGradleVersions - Gradle version information cache is out-of-date. Trying to update.
2022-08-30 14:05:05,479 [Worker-7: Building] INFO  o.e.m.c.i.l.LifecycleMappingFactory - Using org.eclipse.m2e.jdt.JarLifecycleMapping lifecycle mapping for MavenProject: com.revature:week_3:0.0.1-SNAPSHOT @ C:\Users\Bravo\Programming\Repositories\Batches\220815_java_angular_aws\Training Notes\3-javaSE-api\week_3\pom.xml.
2022-08-30 14:05:06,413 [Worker-7: Building] WARN  o.e.m.c.i.embedder.EclipseLogger - Using platform encoding (Cp1252 actually) to copy filtered resources, i.e. build is platform dependent!
2022-08-30 14:05:06,415 [Worker-7: Building] INFO  o.e.m.c.i.embedder.EclipseLogger - skip non existing resourceDirectory C:\Users\Bravo\Programming\Repositories\Batches\220815_java_angular_aws\Training Notes\3-javaSE-api\week_3\src\main\resources
2022-08-30 14:05:06,418 [Worker-7: Building] WARN  o.e.m.c.i.embedder.EclipseLogger - Using platform encoding (Cp1252 actually) to copy filtered resources, i.e. build is platform dependent!
2022-08-30 14:05:06,419 [Worker-7: Building] INFO  o.e.m.c.i.embedder.EclipseLogger - skip non existing resourceDirectory C:\Users\Bravo\Programming\Repositories\Batches\220815_java_angular_aws\Training Notes\3-javaSE-api\week_3\src\test\resources
2022-08-30 14:05:07,403 [Worker-2: Updating Maven Dependencies] INFO  o.e.m.c.i.l.LifecycleMappingFactory - Using org.eclipse.m2e.jdt.JarLifecycleMapping lifecycle mapping for MavenProject: com.revature:week_3:0.0.1-SNAPSHOT @ C:\Users\Bravo\Programming\Repositories\Batches\220815_java_angular_aws\Training Notes\3-javaSE-api\week_3\pom.xml.
2022-08-30 14:05:08,328 [Worker-5: Building] WARN  o.e.m.c.i.embedder.EclipseLogger - Using platform encoding (Cp1252 actually) to copy filtered resources, i.e. build is platform dependent!
2022-08-30 14:05:08,330 [Worker-5: Building] INFO  o.e.m.c.i.embedder.EclipseLogger - skip non existing resourceDirectory C:\Users\Bravo\Programming\Repositories\Batches\220815_java_angular_aws\Training Notes\3-javaSE-api\week_3\src\main\resources
2022-08-30 14:05:08,334 [Worker-5: Building] WARN  o.e.m.c.i.embedder.EclipseLogger - Using platform encoding (Cp1252 actually) to copy filtered resources, i.e. build is platform dependent!
2022-08-30 14:05:08,336 [Worker-5: Building] INFO  o.e.m.c.i.embedder.EclipseLogger - skip non existing resourceDirectory C:\Users\Bravo\Programming\Repositories\Batches\220815_java_angular_aws\Training Notes\3-javaSE-api\week_3\src\test\resources
2022-08-30 14:46:24,976 [Worker-12: Building] WARN  o.e.m.c.i.embedder.EclipseLogger - Using platform encoding (Cp1252 actually) to copy filtered resources, i.e. build is platform dependent!
2022-08-30 14:46:24,978 [Worker-12: Building] INFO  o.e.m.c.i.embedder.EclipseLogger - skip non existing resourceDirectory C:\Users\Bravo\Programming\Repositories\Batches\220815_java_angular_aws\Training Notes\3-javaSE-api\week_3\src\main\resources
2022-08-30 14:46:24,979 [Worker-12: Building] WARN  o.e.m.c.i.embedder.EclipseLogger - Using platform encoding (Cp1252 actually) to copy filtered resources, i.e. build is platform dependent!
2022-08-30 14:46:24,980 [Worker-12: Building] INFO  o.e.m.c.i.embedder.EclipseLogger - skip non existing resourceDirectory C:\Users\Bravo\Programming\Repositories\Batches\220815_java_angular_aws\Training Notes\3-javaSE-api\week_3\src\test\resources
2022-08-30 14:46:37,638 [Worker-2: Building] WARN  o.e.m.c.i.embedder.EclipseLogger - Using platform encoding (Cp1252 actually) to copy filtered resources, i.e. build is platform dependent!
2022-08-30 14:46:37,640 [Worker-2: Building] INFO  o.e.m.c.i.embedder.EclipseLogger - skip non existing resourceDirectory C:\Users\Bravo\Programming\Repositories\Batches\220815_java_angular_aws\Training Notes\3-javaSE-api\week_3\src\main\resources
2022-08-30 14:46:37,641 [Worker-2: Building] WARN  o.e.m.c.i.embedder.EclipseLogger - Using platform encoding (Cp1252 actually) to copy filtered resources, i.e. build is platform dependent!
2022-08-30 14:46:37,643 [Worker-2: Building] INFO  o.e.m.c.i.embedder.EclipseLogger - skip non existing resourceDirectory C:\Users\Bravo\Programming\Repositories\Batches\220815_java_angular_aws\Training Notes\3-javaSE-api\week_3\src\test\resources
2022-08-30 14:49:20,167 [Worker-2: Building] WARN  o.e.m.c.i.embedder.EclipseLogger - Using platform encoding (Cp1252 actually) to copy filtered resources, i.e. build is platform dependent!
2022-08-30 14:49:20,168 [Worker-2: Building] INFO  o.e.m.c.i.embedder.EclipseLogger - skip non existing resourceDirectory C:\Users\Bravo\Programming\Repositories\Batches\220815_java_angular_aws\Training Notes\3-javaSE-api\week_3\src\main\resources
2022-08-30 14:49:20,171 [Worker-2: Building] WARN  o.e.m.c.i.embedder.EclipseLogger - Using platform encoding (Cp1252 actually) to copy filtered resources, i.e. build is platform dependent!
2022-08-30 14:49:20,172 [Worker-2: Building] INFO  o.e.m.c.i.embedder.EclipseLogger - skip non existing resourceDirectory C:\Users\Bravo\Programming\Repositories\Batches\220815_java_angular_aws\Training Notes\3-javaSE-api\week_3\src\test\resources
2022-08-30 14:52:04,669 [Worker-2: Building] WARN  o.e.m.c.i.embedder.EclipseLogger - Using platform encoding (Cp1252 actually) to copy filtered resources, i.e. build is platform dependent!
2022-08-30 14:52:04,671 [Worker-2: Building] INFO  o.e.m.c.i.embedder.EclipseLogger - skip non existing resourceDirectory C:\Users\Bravo\Programming\Repositories\Batches\220815_java_angular_aws\Training Notes\3-javaSE-api\week_3\src\main\resources
2022-08-30 14:52:04,673 [Worker-2: Building] WARN  o.e.m.c.i.embedder.EclipseLogger - Using platform encoding (Cp1252 actually) to copy filtered resources, i.e. build is platform dependent!
2022-08-30 14:52:04,674 [Worker-2: Building] INFO  o.e.m.c.i.embedder.EclipseLogger - skip non existing resourceDirectory C:\Users\Bravo\Programming\Repositories\Batches\220815_java_angular_aws\Training Notes\3-javaSE-api\week_3\src\test\resources
2022-08-30 14:52:09,112 [Worker-12: Launching Student] WARN  o.e.m.c.i.embedder.EclipseLogger - Using platform encoding (Cp1252 actually) to copy filtered resources, i.e. build is platform dependent!
2022-08-30 14:52:09,114 [Worker-12: Launching Student] INFO  o.e.m.c.i.embedder.EclipseLogger - skip non existing resourceDirectory C:\Users\Bravo\Programming\Repositories\Batches\220815_java_angular_aws\Training Notes\3-javaSE-api\week_3\src\main\resources
2022-08-30 14:52:09,116 [Worker-12: Launching Student] WARN  o.e.m.c.i.embedder.EclipseLogger - Using platform encoding (Cp1252 actually) to copy filtered resources, i.e. build is platform dependent!
2022-08-30 14:52:09,118 [Worker-12: Launching Student] INFO  o.e.m.c.i.embedder.EclipseLogger - skip non existing resourceDirectory C:\Users\Bravo\Programming\Repositories\Batches\220815_java_angular_aws\Training Notes\3-javaSE-api\week_3\src\test\resources
2022-08-30 14:52:55,290 [Worker-2: Updating Maven Project] INFO  o.e.m.c.i.p.ProjectConfigurationManager - Update started
2022-08-30 14:52:55,715 [Worker-2: Updating Maven Project] INFO  o.e.m.c.i.l.LifecycleMappingFactory - Using org.eclipse.m2e.jdt.JarLifecycleMapping lifecycle mapping for MavenProject: com.revature:week_3:0.0.1-SNAPSHOT @ C:\Users\Bravo\Programming\Repositories\Batches\220815_java_angular_aws\Training Notes\3-javaSE-api\week_3\pom.xml.
2022-08-30 14:52:55,821 [Worker-2: Updating Maven Project] INFO  o.e.m.j.i.AbstractJavaProjectConfigurator - Adding source folder /week_3/src/main/java
2022-08-30 14:52:55,822 [Worker-2: Updating Maven Project] INFO  o.e.m.j.i.AbstractJavaProjectConfigurator - Adding source folder /week_3/src/test/java
2022-08-30 14:52:56,112 [Worker-2: Updating Maven Project] INFO  o.e.m.c.i.p.ProjectConfigurationManager - Update completed: 0 sec
2022-08-30 14:52:56,447 [Worker-14: Building] WARN  o.e.m.c.i.embedder.EclipseLogger - Using platform encoding (Cp1252 actually) to copy filtered resources, i.e. build is platform dependent!
2022-08-30 14:52:56,449 [Worker-14: Building] INFO  o.e.m.c.i.embedder.EclipseLogger - skip non existing resourceDirectory C:\Users\Bravo\Programming\Repositories\Batches\220815_java_angular_aws\Training Notes\3-javaSE-api\week_3\src\main\resources
2022-08-30 14:52:56,451 [Worker-14: Building] WARN  o.e.m.c.i.embedder.EclipseLogger - Using platform encoding (Cp1252 actually) to copy filtered resources, i.e. build is platform dependent!
2022-08-30 14:52:56,452 [Worker-14: Building] INFO  o.e.m.c.i.embedder.EclipseLogger - skip non existing resourceDirectory C:\Users\Bravo\Programming\Repositories\Batches\220815_java_angular_aws\Training Notes\3-javaSE-api\week_3\src\test\resources
2022-08-30 14:53:04,227 [Worker-6: Building] INFO  o.e.m.c.i.l.LifecycleMappingFactory - Using org.eclipse.m2e.jdt.JarLifecycleMapping lifecycle mapping for MavenProject: com.revature:week_3:0.0.1-SNAPSHOT @ C:\Users\Bravo\Programming\Repositories\Batches\220815_java_angular_aws\Training Notes\3-javaSE-api\week_3\pom.xml.
2022-08-30 14:53:04,396 [Worker-6: Building] WARN  o.e.m.c.i.embedder.EclipseLogger - Using platform encoding (Cp1252 actually) to copy filtered resources, i.e. build is platform dependent!
2022-08-30 14:53:04,398 [Worker-6: Building] INFO  o.e.m.c.i.embedder.EclipseLogger - skip non existing resourceDirectory C:\Users\Bravo\Programming\Repositories\Batches\220815_java_angular_aws\Training Notes\3-javaSE-api\week_3\src\main\resources
2022-08-30 14:53:04,402 [Worker-6: Building] WARN  o.e.m.c.i.embedder.EclipseLogger - Using platform encoding (Cp1252 actually) to copy filtered resources, i.e. build is platform dependent!
2022-08-30 14:53:04,404 [Worker-6: Building] INFO  o.e.m.c.i.embedder.EclipseLogger - skip non existing resourceDirectory C:\Users\Bravo\Programming\Repositories\Batches\220815_java_angular_aws\Training Notes\3-javaSE-api\week_3\src\test\resources
2022-08-30 14:54:26,519 [Worker-2: Building] WARN  o.e.m.c.i.embedder.EclipseLogger - Using platform encoding (Cp1252 actually) to copy filtered resources, i.e. build is platform dependent!
2022-08-30 14:54:26,522 [Worker-2: Building] INFO  o.e.m.c.i.embedder.EclipseLogger - skip non existing resourceDirectory C:\Users\Bravo\Programming\Repositories\Batches\220815_java_angular_aws\Training Notes\3-javaSE-api\week_3\src\main\resources
2022-08-30 14:54:26,525 [Worker-2: Building] WARN  o.e.m.c.i.embedder.EclipseLogger - Using platform encoding (Cp1252 actually) to copy filtered resources, i.e. build is platform dependent!
2022-08-30 14:54:26,527 [Worker-2: Building] INFO  o.e.m.c.i.embedder.EclipseLogger - skip non existing resourceDirectory C:\Users\Bravo\Programming\Repositories\Batches\220815_java_angular_aws\Training Notes\3-javaSE-api\week_3\src\test\resources
2022-08-30 14:54:31,869 [Worker-12: Building] WARN  o.e.m.c.i.embedder.EclipseLogger - Using platform encoding (Cp1252 actually) to copy filtered resources, i.e. build is platform dependent!
2022-08-30 14:54:31,870 [Worker-12: Building] INFO  o.e.m.c.i.embedder.EclipseLogger - skip non existing resourceDirectory C:\Users\Bravo\Programming\Repositories\Batches\220815_java_angular_aws\Training Notes\3-javaSE-api\week_3\src\main\resources
2022-08-30 14:54:31,871 [Worker-12: Building] WARN  o.e.m.c.i.embedder.EclipseLogger - Using platform encoding (Cp1252 actually) to copy filtered resources, i.e. build is platform dependent!
2022-08-30 14:54:31,873 [Worker-12: Building] INFO  o.e.m.c.i.embedder.EclipseLogger - skip non existing resourceDirectory C:\Users\Bravo\Programming\Repositories\Batches\220815_java_angular_aws\Training Notes\3-javaSE-api\week_3\src\test\resources
2022-08-30 14:55:13,441 [Worker-12: Building] WARN  o.e.m.c.i.embedder.EclipseLogger - Using platform encoding (Cp1252 actually) to copy filtered resources, i.e. build is platform dependent!
2022-08-30 14:55:13,443 [Worker-12: Building] INFO  o.e.m.c.i.embedder.EclipseLogger - skip non existing resourceDirectory C:\Users\Bravo\Programming\Repositories\Batches\220815_java_angular_aws\Training Notes\3-javaSE-api\week_3\src\main\resources
2022-08-30 14:55:13,444 [Worker-12: Building] WARN  o.e.m.c.i.embedder.EclipseLogger - Using platform encoding (Cp1252 actually) to copy filtered resources, i.e. build is platform dependent!
2022-08-30 14:55:13,445 [Worker-12: Building] INFO  o.e.m.c.i.embedder.EclipseLogger - skip non existing resourceDirectory C:\Users\Bravo\Programming\Repositories\Batches\220815_java_angular_aws\Training Notes\3-javaSE-api\week_3\src\test\resources
2022-08-30 14:56:29,756 [Worker-13: Building] WARN  o.e.m.c.i.embedder.EclipseLogger - Using platform encoding (Cp1252 actually) to copy filtered resources, i.e. build is platform dependent!
2022-08-30 14:56:29,758 [Worker-13: Building] INFO  o.e.m.c.i.embedder.EclipseLogger - skip non existing resourceDirectory C:\Users\Bravo\Programming\Repositories\Batches\220815_java_angular_aws\Training Notes\3-javaSE-api\week_3\src\main\resources
2022-08-30 14:56:29,760 [Worker-13: Building] WARN  o.e.m.c.i.embedder.EclipseLogger - Using platform encoding (Cp1252 actually) to copy filtered resources, i.e. build is platform dependent!
2022-08-30 14:56:29,765 [Worker-13: Building] INFO  o.e.m.c.i.embedder.EclipseLogger - skip non existing resourceDirectory C:\Users\Bravo\Programming\Repositories\Batches\220815_java_angular_aws\Training Notes\3-javaSE-api\week_3\src\test\resources
2022-08-30 14:56:51,652 [Worker-12: Building] WARN  o.e.m.c.i.embedder.EclipseLogger - Using platform encoding (Cp1252 actually) to copy filtered resources, i.e. build is platform dependent!
2022-08-30 14:56:51,654 [Worker-12: Building] INFO  o.e.m.c.i.embedder.EclipseLogger - skip non existing resourceDirectory C:\Users\Bravo\Programming\Repositories\Batches\220815_java_angular_aws\Training Notes\3-javaSE-api\week_3\src\main\resources
2022-08-30 14:56:51,656 [Worker-12: Building] WARN  o.e.m.c.i.embedder.EclipseLogger - Using platform encoding (Cp1252 actually) to copy filtered resources, i.e. build is platform dependent!
2022-08-30 14:56:51,659 [Worker-12: Building] INFO  o.e.m.c.i.embedder.EclipseLogger - skip non existing resourceDirectory C:\Users\Bravo\Programming\Repositories\Batches\220815_java_angular_aws\Training Notes\3-javaSE-api\week_3\src\test\resources
2022-08-30 14:58:31,665 [Worker-6: Building] WARN  o.e.m.c.i.embedder.EclipseLogger - Using platform encoding (Cp1252 actually) to copy filtered resources, i.e. build is platform dependent!
2022-08-30 14:58:31,667 [Worker-6: Building] INFO  o.e.m.c.i.embedder.EclipseLogger - skip non existing resourceDirectory C:\Users\Bravo\Programming\Repositories\Batches\220815_java_angular_aws\Training Notes\3-javaSE-api\week_3\src\main\resources
2022-08-30 14:58:31,668 [Worker-6: Building] WARN  o.e.m.c.i.embedder.EclipseLogger - Using platform encoding (Cp1252 actually) to copy filtered resources, i.e. build is platform dependent!
2022-08-30 14:58:31,670 [Worker-6: Building] INFO  o.e.m.c.i.embedder.EclipseLogger - skip non existing resourceDirectory C:\Users\Bravo\Programming\Repositories\Batches\220815_java_angular_aws\Training Notes\3-javaSE-api\week_3\src\test\resources
2022-08-30 15:01:52,038 [Worker-15: Building] WARN  o.e.m.c.i.embedder.EclipseLogger - Using platform encoding (Cp1252 actually) to copy filtered resources, i.e. build is platform dependent!
2022-08-30 15:01:52,040 [Worker-15: Building] INFO  o.e.m.c.i.embedder.EclipseLogger - skip non existing resourceDirectory C:\Users\Bravo\Programming\Repositories\Batches\220815_java_angular_aws\Training Notes\3-javaSE-api\week_3\src\main\resources
2022-08-30 15:01:52,044 [Worker-15: Building] WARN  o.e.m.c.i.embedder.EclipseLogger - Using platform encoding (Cp1252 actually) to copy filtered resources, i.e. build is platform dependent!
2022-08-30 15:01:52,046 [Worker-15: Building] INFO  o.e.m.c.i.embedder.EclipseLogger - skip non existing resourceDirectory C:\Users\Bravo\Programming\Repositories\Batches\220815_java_angular_aws\Training Notes\3-javaSE-api\week_3\src\test\resources
2022-08-30 15:02:22,941 [Worker-17: Building] WARN  o.e.m.c.i.embedder.EclipseLogger - Using platform encoding (Cp1252 actually) to copy filtered resources, i.e. build is platform dependent!
2022-08-30 15:02:22,942 [Worker-17: Building] INFO  o.e.m.c.i.embedder.EclipseLogger - skip non existing resourceDirectory C:\Users\Bravo\Programming\Repositories\Batches\220815_java_angular_aws\Training Notes\3-javaSE-api\week_3\src\main\resources
2022-08-30 15:02:22,944 [Worker-17: Building] WARN  o.e.m.c.i.embedder.EclipseLogger - Using platform encoding (Cp1252 actually) to copy filtered resources, i.e. build is platform dependent!
2022-08-30 15:02:22,946 [Worker-17: Building] INFO  o.e.m.c.i.embedder.EclipseLogger - skip non existing resourceDirectory C:\Users\Bravo\Programming\Repositories\Batches\220815_java_angular_aws\Training Notes\3-javaSE-api\week_3\src\test\resources
2022-08-30 15:05:53,631 [Worker-6: Building] WARN  o.e.m.c.i.embedder.EclipseLogger - Using platform encoding (Cp1252 actually) to copy filtered resources, i.e. build is platform dependent!
2022-08-30 15:05:53,633 [Worker-6: Building] INFO  o.e.m.c.i.embedder.EclipseLogger - skip non existing resourceDirectory C:\Users\Bravo\Programming\Repositories\Batches\220815_java_angular_aws\Training Notes\3-javaSE-api\week_3\src\main\resources
2022-08-30 15:05:53,636 [Worker-6: Building] WARN  o.e.m.c.i.embedder.EclipseLogger - Using platform encoding (Cp1252 actually) to copy filtered resources, i.e. build is platform dependent!
2022-08-30 15:05:53,638 [Worker-6: Building] INFO  o.e.m.c.i.embedder.EclipseLogger - skip non existing resourceDirectory C:\Users\Bravo\Programming\Repositories\Batches\220815_java_angular_aws\Training Notes\3-javaSE-api\week_3\src\test\resources
2022-08-30 15:13:36,554 [Worker-18: Building] WARN  o.e.m.c.i.embedder.EclipseLogger - Using platform encoding (Cp1252 actually) to copy filtered resources, i.e. build is platform dependent!
2022-08-30 15:13:36,556 [Worker-18: Building] INFO  o.e.m.c.i.embedder.EclipseLogger - skip non existing resourceDirectory C:\Users\Bravo\Programming\Repositories\Batches\220815_java_angular_aws\Training Notes\3-javaSE-api\week_3\src\main\resources
2022-08-30 15:13:36,558 [Worker-18: Building] WARN  o.e.m.c.i.embedder.EclipseLogger - Using platform encoding (Cp1252 actually) to copy filtered resources, i.e. build is platform dependent!
2022-08-30 15:13:36,559 [Worker-18: Building] INFO  o.e.m.c.i.embedder.EclipseLogger - skip non existing resourceDirectory C:\Users\Bravo\Programming\Repositories\Batches\220815_java_angular_aws\Training Notes\3-javaSE-api\week_3\src\test\resources
2022-08-30 15:13:51,469 [Worker-15: Building] WARN  o.e.m.c.i.embedder.EclipseLogger - Using platform encoding (Cp1252 actually) to copy filtered resources, i.e. build is platform dependent!
2022-08-30 15:13:51,472 [Worker-15: Building] INFO  o.e.m.c.i.embedder.EclipseLogger - skip non existing resourceDirectory C:\Users\Bravo\Programming\Repositories\Batches\220815_java_angular_aws\Training Notes\3-javaSE-api\week_3\src\main\resources
2022-08-30 15:13:51,473 [Worker-15: Building] WARN  o.e.m.c.i.embedder.EclipseLogger - Using platform encoding (Cp1252 actually) to copy filtered resources, i.e. build is platform dependent!
2022-08-30 15:13:51,479 [Worker-15: Building] INFO  o.e.m.c.i.embedder.EclipseLogger - skip non existing resourceDirectory C:\Users\Bravo\Programming\Repositories\Batches\220815_java_angular_aws\Training Notes\3-javaSE-api\week_3\src\test\resources
2022-08-30 15:14:01,168 [Worker-15: Building] WARN  o.e.m.c.i.embedder.EclipseLogger - Using platform encoding (Cp1252 actually) to copy filtered resources, i.e. build is platform dependent!
2022-08-30 15:14:01,170 [Worker-15: Building] INFO  o.e.m.c.i.embedder.EclipseLogger - skip non existing resourceDirectory C:\Users\Bravo\Programming\Repositories\Batches\220815_java_angular_aws\Training Notes\3-javaSE-api\week_3\src\main\resources
2022-08-30 15:14:01,171 [Worker-15: Building] WARN  o.e.m.c.i.embedder.EclipseLogger - Using platform encoding (Cp1252 actually) to copy filtered resources, i.e. build is platform dependent!
2022-08-30 15:14:01,172 [Worker-15: Building] INFO  o.e.m.c.i.embedder.EclipseLogger - skip non existing resourceDirectory C:\Users\Bravo\Programming\Repositories\Batches\220815_java_angular_aws\Training Notes\3-javaSE-api\week_3\src\test\resources
2022-08-30 15:15:06,417 [Worker-17: Building] WARN  o.e.m.c.i.embedder.EclipseLogger - Using platform encoding (Cp1252 actually) to copy filtered resources, i.e. build is platform dependent!
2022-08-30 15:15:06,418 [Worker-17: Building] INFO  o.e.m.c.i.embedder.EclipseLogger - skip non existing resourceDirectory C:\Users\Bravo\Programming\Repositories\Batches\220815_java_angular_aws\Training Notes\3-javaSE-api\week_3\src\main\resources
2022-08-30 15:15:06,420 [Worker-17: Building] WARN  o.e.m.c.i.embedder.EclipseLogger - Using platform encoding (Cp1252 actually) to copy filtered resources, i.e. build is platform dependent!
2022-08-30 15:15:06,422 [Worker-17: Building] INFO  o.e.m.c.i.embedder.EclipseLogger - skip non existing resourceDirectory C:\Users\Bravo\Programming\Repositories\Batches\220815_java_angular_aws\Training Notes\3-javaSE-api\week_3\src\test\resources
2022-08-30 15:19:55,338 [Worker-19: Building] WARN  o.e.m.c.i.embedder.EclipseLogger - Using platform encoding (Cp1252 actually) to copy filtered resources, i.e. build is platform dependent!
2022-08-30 15:19:55,340 [Worker-19: Building] INFO  o.e.m.c.i.embedder.EclipseLogger - skip non existing resourceDirectory C:\Users\Bravo\Programming\Repositories\Batches\220815_java_angular_aws\Training Notes\3-javaSE-api\week_3\src\main\resources
2022-08-30 15:19:55,342 [Worker-19: Building] WARN  o.e.m.c.i.embedder.EclipseLogger - Using platform encoding (Cp1252 actually) to copy filtered resources, i.e. build is platform dependent!
2022-08-30 15:19:55,343 [Worker-19: Building] INFO  o.e.m.c.i.embedder.EclipseLogger - skip non existing resourceDirectory C:\Users\Bravo\Programming\Repositories\Batches\220815_java_angular_aws\Training Notes\3-javaSE-api\week_3\src\test\resources
2022-08-30 15:22:59,554 [Worker-22: Building] WARN  o.e.m.c.i.embedder.EclipseLogger - Using platform encoding (Cp1252 actually) to copy filtered resources, i.e. build is platform dependent!
2022-08-30 15:22:59,555 [Worker-22: Building] INFO  o.e.m.c.i.embedder.EclipseLogger - skip non existing resourceDirectory C:\Users\Bravo\Programming\Repositories\Batches\220815_java_angular_aws\Training Notes\3-javaSE-api\week_3\src\main\resources
2022-08-30 15:22:59,558 [Worker-22: Building] WARN  o.e.m.c.i.embedder.EclipseLogger - Using platform encoding (Cp1252 actually) to copy filtered resources, i.e. build is platform dependent!
2022-08-30 15:22:59,560 [Worker-22: Building] INFO  o.e.m.c.i.embedder.EclipseLogger - skip non existing resourceDirectory C:\Users\Bravo\Programming\Repositories\Batches\220815_java_angular_aws\Training Notes\3-javaSE-api\week_3\src\test\resources
2022-08-30 15:25:42,995 [Worker-20: Building] WARN  o.e.m.c.i.embedder.EclipseLogger - Using platform encoding (Cp1252 actually) to copy filtered resources, i.e. build is platform dependent!
2022-08-30 15:25:42,997 [Worker-20: Building] INFO  o.e.m.c.i.embedder.EclipseLogger - skip non existing resourceDirectory C:\Users\Bravo\Programming\Repositories\Batches\220815_java_angular_aws\Training Notes\3-javaSE-api\week_3\src\main\resources
2022-08-30 15:25:42,998 [Worker-20: Building] WARN  o.e.m.c.i.embedder.EclipseLogger - Using platform encoding (Cp1252 actually) to copy filtered resources, i.e. build is platform dependent!
2022-08-30 15:25:43,000 [Worker-20: Building] INFO  o.e.m.c.i.embedder.EclipseLogger - skip non existing resourceDirectory C:\Users\Bravo\Programming\Repositories\Batches\220815_java_angular_aws\Training Notes\3-javaSE-api\week_3\src\test\resources
2022-08-30 15:27:10,855 [Worker-22: Building] WARN  o.e.m.c.i.embedder.EclipseLogger - Using platform encoding (Cp1252 actually) to copy filtered resources, i.e. build is platform dependent!
2022-08-30 15:27:10,857 [Worker-22: Building] INFO  o.e.m.c.i.embedder.EclipseLogger - skip non existing resourceDirectory C:\Users\Bravo\Programming\Repositories\Batches\220815_java_angular_aws\Training Notes\3-javaSE-api\week_3\src\main\resources
2022-08-30 15:27:10,860 [Worker-22: Building] WARN  o.e.m.c.i.embedder.EclipseLogger - Using platform encoding (Cp1252 actually) to copy filtered resources, i.e. build is platform dependent!
2022-08-30 15:27:10,861 [Worker-22: Building] INFO  o.e.m.c.i.embedder.EclipseLogger - skip non existing resourceDirectory C:\Users\Bravo\Programming\Repositories\Batches\220815_java_angular_aws\Training Notes\3-javaSE-api\week_3\src\test\resources
2022-08-30 15:28:20,545 [Worker-20: Launching ConsumerExample] WARN  o.e.m.c.i.embedder.EclipseLogger - Using platform encoding (Cp1252 actually) to copy filtered resources, i.e. build is platform dependent!
2022-08-30 15:28:20,547 [Worker-20: Launching ConsumerExample] INFO  o.e.m.c.i.embedder.EclipseLogger - skip non existing resourceDirectory C:\Users\Bravo\Programming\Repositories\Batches\220815_java_angular_aws\Training Notes\3-javaSE-api\week_3\src\main\resources
2022-08-30 15:28:20,548 [Worker-20: Launching ConsumerExample] WARN  o.e.m.c.i.embedder.EclipseLogger - Using platform encoding (Cp1252 actually) to copy filtered resources, i.e. build is platform dependent!
2022-08-30 15:28:20,549 [Worker-20: Launching ConsumerExample] INFO  o.e.m.c.i.embedder.EclipseLogger - skip non existing resourceDirectory C:\Users\Bravo\Programming\Repositories\Batches\220815_java_angular_aws\Training Notes\3-javaSE-api\week_3\src\test\resources
2022-08-30 15:28:47,866 [Worker-22: Building] WARN  o.e.m.c.i.embedder.EclipseLogger - Using platform encoding (Cp1252 actually) to copy filtered resources, i.e. build is platform dependent!
2022-08-30 15:28:47,868 [Worker-22: Building] INFO  o.e.m.c.i.embedder.EclipseLogger - skip non existing resourceDirectory C:\Users\Bravo\Programming\Repositories\Batches\220815_java_angular_aws\Training Notes\3-javaSE-api\week_3\src\main\resources
2022-08-30 15:28:47,870 [Worker-22: Building] WARN  o.e.m.c.i.embedder.EclipseLogger - Using platform encoding (Cp1252 actually) to copy filtered resources, i.e. build is platform dependent!
2022-08-30 15:28:47,871 [Worker-22: Building] INFO  o.e.m.c.i.embedder.EclipseLogger - skip non existing resourceDirectory C:\Users\Bravo\Programming\Repositories\Batches\220815_java_angular_aws\Training Notes\3-javaSE-api\week_3\src\test\resources
2022-08-30 15:30:33,806 [Worker-17: Building] WARN  o.e.m.c.i.embedder.EclipseLogger - Using platform encoding (Cp1252 actually) to copy filtered resources, i.e. build is platform dependent!
2022-08-30 15:30:33,808 [Worker-17: Building] INFO  o.e.m.c.i.embedder.EclipseLogger - skip non existing resourceDirectory C:\Users\Bravo\Programming\Repositories\Batches\220815_java_angular_aws\Training Notes\3-javaSE-api\week_3\src\main\resources
2022-08-30 15:30:33,810 [Worker-17: Building] WARN  o.e.m.c.i.embedder.EclipseLogger - Using platform encoding (Cp1252 actually) to copy filtered resources, i.e. build is platform dependent!
2022-08-30 15:30:33,812 [Worker-17: Building] INFO  o.e.m.c.i.embedder.EclipseLogger - skip non existing resourceDirectory C:\Users\Bravo\Programming\Repositories\Batches\220815_java_angular_aws\Training Notes\3-javaSE-api\week_3\src\test\resources
2022-08-30 15:31:54,474 [Worker-22: Building] WARN  o.e.m.c.i.embedder.EclipseLogger - Using platform encoding (Cp1252 actually) to copy filtered resources, i.e. build is platform dependent!
2022-08-30 15:31:54,476 [Worker-22: Building] INFO  o.e.m.c.i.embedder.EclipseLogger - skip non existing resourceDirectory C:\Users\Bravo\Programming\Repositories\Batches\220815_java_angular_aws\Training Notes\3-javaSE-api\week_3\src\main\resources
2022-08-30 15:31:54,477 [Worker-22: Building] WARN  o.e.m.c.i.embedder.EclipseLogger - Using platform encoding (Cp1252 actually) to copy filtered resources, i.e. build is platform dependent!
2022-08-30 15:31:54,479 [Worker-22: Building] INFO  o.e.m.c.i.embedder.EclipseLogger - skip non existing resourceDirectory C:\Users\Bravo\Programming\Repositories\Batches\220815_java_angular_aws\Training Notes\3-javaSE-api\week_3\src\test\resources
2022-08-30 15:33:23,564 [Worker-24: Building] WARN  o.e.m.c.i.embedder.EclipseLogger - Using platform encoding (Cp1252 actually) to copy filtered resources, i.e. build is platform dependent!
2022-08-30 15:33:23,566 [Worker-24: Building] INFO  o.e.m.c.i.embedder.EclipseLogger - skip non existing resourceDirectory C:\Users\Bravo\Programming\Repositories\Batches\220815_java_angular_aws\Training Notes\3-javaSE-api\week_3\src\main\resources
2022-08-30 15:33:23,569 [Worker-24: Building] WARN  o.e.m.c.i.embedder.EclipseLogger - Using platform encoding (Cp1252 actually) to copy filtered resources, i.e. build is platform dependent!
2022-08-30 15:33:23,570 [Worker-24: Building] INFO  o.e.m.c.i.embedder.EclipseLogger - skip non existing resourceDirectory C:\Users\Bravo\Programming\Repositories\Batches\220815_java_angular_aws\Training Notes\3-javaSE-api\week_3\src\test\resources
2022-08-30 15:33:29,088 [Worker-25: Launching SupplierExample] WARN  o.e.m.c.i.embedder.EclipseLogger - Using platform encoding (Cp1252 actually) to copy filtered resources, i.e. build is platform dependent!
2022-08-30 15:33:29,089 [Worker-25: Launching SupplierExample] INFO  o.e.m.c.i.embedder.EclipseLogger - skip non existing resourceDirectory C:\Users\Bravo\Programming\Repositories\Batches\220815_java_angular_aws\Training Notes\3-javaSE-api\week_3\src\main\resources
2022-08-30 15:33:29,091 [Worker-25: Launching SupplierExample] WARN  o.e.m.c.i.embedder.EclipseLogger - Using platform encoding (Cp1252 actually) to copy filtered resources, i.e. build is platform dependent!
2022-08-30 15:33:29,094 [Worker-25: Launching SupplierExample] INFO  o.e.m.c.i.embedder.EclipseLogger - skip non existing resourceDirectory C:\Users\Bravo\Programming\Repositories\Batches\220815_java_angular_aws\Training Notes\3-javaSE-api\week_3\src\test\resources
2022-08-30 15:34:42,907 [Worker-23: Building] WARN  o.e.m.c.i.embedder.EclipseLogger - Using platform encoding (Cp1252 actually) to copy filtered resources, i.e. build is platform dependent!
2022-08-30 15:34:42,910 [Worker-23: Building] INFO  o.e.m.c.i.embedder.EclipseLogger - skip non existing resourceDirectory C:\Users\Bravo\Programming\Repositories\Batches\220815_java_angular_aws\Training Notes\3-javaSE-api\week_3\src\main\resources
2022-08-30 15:34:42,912 [Worker-23: Building] WARN  o.e.m.c.i.embedder.EclipseLogger - Using platform encoding (Cp1252 actually) to copy filtered resources, i.e. build is platform dependent!
2022-08-30 15:34:42,914 [Worker-23: Building] INFO  o.e.m.c.i.embedder.EclipseLogger - skip non existing resourceDirectory C:\Users\Bravo\Programming\Repositories\Batches\220815_java_angular_aws\Training Notes\3-javaSE-api\week_3\src\test\resources
2022-08-30 15:34:48,426 [Worker-25: Launching SupplierExample] WARN  o.e.m.c.i.embedder.EclipseLogger - Using platform encoding (Cp1252 actually) to copy filtered resources, i.e. build is platform dependent!
2022-08-30 15:34:48,427 [Worker-25: Launching SupplierExample] INFO  o.e.m.c.i.embedder.EclipseLogger - skip non existing resourceDirectory C:\Users\Bravo\Programming\Repositories\Batches\220815_java_angular_aws\Training Notes\3-javaSE-api\week_3\src\main\resources
2022-08-30 15:34:48,429 [Worker-25: Launching SupplierExample] WARN  o.e.m.c.i.embedder.EclipseLogger - Using platform encoding (Cp1252 actually) to copy filtered resources, i.e. build is platform dependent!
2022-08-30 15:34:48,430 [Worker-25: Launching SupplierExample] INFO  o.e.m.c.i.embedder.EclipseLogger - skip non existing resourceDirectory C:\Users\Bravo\Programming\Repositories\Batches\220815_java_angular_aws\Training Notes\3-javaSE-api\week_3\src\test\resources
2022-08-30 15:37:27,261 [Worker-27: Building] WARN  o.e.m.c.i.embedder.EclipseLogger - Using platform encoding (Cp1252 actually) to copy filtered resources, i.e. build is platform dependent!
2022-08-30 15:37:27,263 [Worker-27: Building] INFO  o.e.m.c.i.embedder.EclipseLogger - skip non existing resourceDirectory C:\Users\Bravo\Programming\Repositories\Batches\220815_java_angular_aws\Training Notes\3-javaSE-api\week_3\src\main\resources
2022-08-30 15:37:27,265 [Worker-27: Building] WARN  o.e.m.c.i.embedder.EclipseLogger - Using platform encoding (Cp1252 actually) to copy filtered resources, i.e. build is platform dependent!
2022-08-30 15:37:27,266 [Worker-27: Building] INFO  o.e.m.c.i.embedder.EclipseLogger - skip non existing resourceDirectory C:\Users\Bravo\Programming\Repositories\Batches\220815_java_angular_aws\Training Notes\3-javaSE-api\week_3\src\test\resources
2022-08-30 15:42:03,622 [Worker-28: Building] WARN  o.e.m.c.i.embedder.EclipseLogger - Using platform encoding (Cp1252 actually) to copy filtered resources, i.e. build is platform dependent!
2022-08-30 15:42:03,623 [Worker-28: Building] INFO  o.e.m.c.i.embedder.EclipseLogger - skip non existing resourceDirectory C:\Users\Bravo\Programming\Repositories\Batches\220815_java_angular_aws\Training Notes\3-javaSE-api\week_3\src\main\resources
2022-08-30 15:42:03,625 [Worker-28: Building] WARN  o.e.m.c.i.embedder.EclipseLogger - Using platform encoding (Cp1252 actually) to copy filtered resources, i.e. build is platform dependent!
2022-08-30 15:42:03,626 [Worker-28: Building] INFO  o.e.m.c.i.embedder.EclipseLogger - skip non existing resourceDirectory C:\Users\Bravo\Programming\Repositories\Batches\220815_java_angular_aws\Training Notes\3-javaSE-api\week_3\src\test\resources
2022-08-30 15:42:09,009 [Worker-27: Launching OptionalExample] WARN  o.e.m.c.i.embedder.EclipseLogger - Using platform encoding (Cp1252 actually) to copy filtered resources, i.e. build is platform dependent!
2022-08-30 15:42:09,010 [Worker-27: Launching OptionalExample] INFO  o.e.m.c.i.embedder.EclipseLogger - skip non existing resourceDirectory C:\Users\Bravo\Programming\Repositories\Batches\220815_java_angular_aws\Training Notes\3-javaSE-api\week_3\src\main\resources
2022-08-30 15:42:09,012 [Worker-27: Launching OptionalExample] WARN  o.e.m.c.i.embedder.EclipseLogger - Using platform encoding (Cp1252 actually) to copy filtered resources, i.e. build is platform dependent!
2022-08-30 15:42:09,014 [Worker-27: Launching OptionalExample] INFO  o.e.m.c.i.embedder.EclipseLogger - skip non existing resourceDirectory C:\Users\Bravo\Programming\Repositories\Batches\220815_java_angular_aws\Training Notes\3-javaSE-api\week_3\src\test\resources
2022-08-30 15:42:16,142 [Worker-27: Building] WARN  o.e.m.c.i.embedder.EclipseLogger - Using platform encoding (Cp1252 actually) to copy filtered resources, i.e. build is platform dependent!
2022-08-30 15:42:16,144 [Worker-27: Building] INFO  o.e.m.c.i.embedder.EclipseLogger - skip non existing resourceDirectory C:\Users\Bravo\Programming\Repositories\Batches\220815_java_angular_aws\Training Notes\3-javaSE-api\week_3\src\main\resources
2022-08-30 15:42:16,145 [Worker-27: Building] WARN  o.e.m.c.i.embedder.EclipseLogger - Using platform encoding (Cp1252 actually) to copy filtered resources, i.e. build is platform dependent!
2022-08-30 15:42:16,147 [Worker-27: Building] INFO  o.e.m.c.i.embedder.EclipseLogger - skip non existing resourceDirectory C:\Users\Bravo\Programming\Repositories\Batches\220815_java_angular_aws\Training Notes\3-javaSE-api\week_3\src\test\resources
2022-08-30 15:42:32,222 [Worker-29: Building] WARN  o.e.m.c.i.embedder.EclipseLogger - Using platform encoding (Cp1252 actually) to copy filtered resources, i.e. build is platform dependent!
2022-08-30 15:42:32,223 [Worker-29: Building] INFO  o.e.m.c.i.embedder.EclipseLogger - skip non existing resourceDirectory C:\Users\Bravo\Programming\Repositories\Batches\220815_java_angular_aws\Training Notes\3-javaSE-api\week_3\src\main\resources
2022-08-30 15:42:32,224 [Worker-29: Building] WARN  o.e.m.c.i.embedder.EclipseLogger - Using platform encoding (Cp1252 actually) to copy filtered resources, i.e. build is platform dependent!
2022-08-30 15:42:32,225 [Worker-29: Building] INFO  o.e.m.c.i.embedder.EclipseLogger - skip non existing resourceDirectory C:\Users\Bravo\Programming\Repositories\Batches\220815_java_angular_aws\Training Notes\3-javaSE-api\week_3\src\test\resources
2022-08-30 15:44:08,432 [Worker-28: Building] WARN  o.e.m.c.i.embedder.EclipseLogger - Using platform encoding (Cp1252 actually) to copy filtered resources, i.e. build is platform dependent!
2022-08-30 15:44:08,434 [Worker-28: Building] INFO  o.e.m.c.i.embedder.EclipseLogger - skip non existing resourceDirectory C:\Users\Bravo\Programming\Repositories\Batches\220815_java_angular_aws\Training Notes\3-javaSE-api\week_3\src\main\resources
2022-08-30 15:44:08,436 [Worker-28: Building] WARN  o.e.m.c.i.embedder.EclipseLogger - Using platform encoding (Cp1252 actually) to copy filtered resources, i.e. build is platform dependent!
2022-08-30 15:44:08,437 [Worker-28: Building] INFO  o.e.m.c.i.embedder.EclipseLogger - skip non existing resourceDirectory C:\Users\Bravo\Programming\Repositories\Batches\220815_java_angular_aws\Training Notes\3-javaSE-api\week_3\src\test\resources
2022-08-30 15:45:46,590 [Worker-31: Building] WARN  o.e.m.c.i.embedder.EclipseLogger - Using platform encoding (Cp1252 actually) to copy filtered resources, i.e. build is platform dependent!
2022-08-30 15:45:46,591 [Worker-31: Building] INFO  o.e.m.c.i.embedder.EclipseLogger - skip non existing resourceDirectory C:\Users\Bravo\Programming\Repositories\Batches\220815_java_angular_aws\Training Notes\3-javaSE-api\week_3\src\main\resources
2022-08-30 15:45:46,592 [Worker-31: Building] WARN  o.e.m.c.i.embedder.EclipseLogger - Using platform encoding (Cp1252 actually) to copy filtered resources, i.e. build is platform dependent!
2022-08-30 15:45:46,594 [Worker-31: Building] INFO  o.e.m.c.i.embedder.EclipseLogger - skip non existing resourceDirectory C:\Users\Bravo\Programming\Repositories\Batches\220815_java_angular_aws\Training Notes\3-javaSE-api\week_3\src\test\resources
2022-08-30 15:46:03,830 [Worker-27: Building] WARN  o.e.m.c.i.embedder.EclipseLogger - Using platform encoding (Cp1252 actually) to copy filtered resources, i.e. build is platform dependent!
2022-08-30 15:46:03,832 [Worker-27: Building] INFO  o.e.m.c.i.embedder.EclipseLogger - skip non existing resourceDirectory C:\Users\Bravo\Programming\Repositories\Batches\220815_java_angular_aws\Training Notes\3-javaSE-api\week_3\src\main\resources
2022-08-30 15:46:03,833 [Worker-27: Building] WARN  o.e.m.c.i.embedder.EclipseLogger - Using platform encoding (Cp1252 actually) to copy filtered resources, i.e. build is platform dependent!
2022-08-30 15:46:03,834 [Worker-27: Building] INFO  o.e.m.c.i.embedder.EclipseLogger - skip non existing resourceDirectory C:\Users\Bravo\Programming\Repositories\Batches\220815_java_angular_aws\Training Notes\3-javaSE-api\week_3\src\test\resources
2022-08-30 15:48:40,210 [Worker-30: Building] WARN  o.e.m.c.i.embedder.EclipseLogger - Using platform encoding (Cp1252 actually) to copy filtered resources, i.e. build is platform dependent!
2022-08-30 15:48:40,211 [Worker-30: Building] INFO  o.e.m.c.i.embedder.EclipseLogger - skip non existing resourceDirectory C:\Users\Bravo\Programming\Repositories\Batches\220815_java_angular_aws\Training Notes\3-javaSE-api\week_3\src\main\resources
2022-08-30 15:48:40,212 [Worker-30: Building] WARN  o.e.m.c.i.embedder.EclipseLogger - Using platform encoding (Cp1252 actually) to copy filtered resources, i.e. build is platform dependent!
2022-08-30 15:48:40,215 [Worker-30: Building] INFO  o.e.m.c.i.embedder.EclipseLogger - skip non existing resourceDirectory C:\Users\Bravo\Programming\Repositories\Batches\220815_java_angular_aws\Training Notes\3-javaSE-api\week_3\src\test\resources
2022-08-30 15:48:50,080 [Worker-27: Building] WARN  o.e.m.c.i.embedder.EclipseLogger - Using platform encoding (Cp1252 actually) to copy filtered resources, i.e. build is platform dependent!
2022-08-30 15:48:50,081 [Worker-27: Building] INFO  o.e.m.c.i.embedder.EclipseLogger - skip non existing resourceDirectory C:\Users\Bravo\Programming\Repositories\Batches\220815_java_angular_aws\Training Notes\3-javaSE-api\week_3\src\main\resources
2022-08-30 15:48:50,082 [Worker-27: Building] WARN  o.e.m.c.i.embedder.EclipseLogger - Using platform encoding (Cp1252 actually) to copy filtered resources, i.e. build is platform dependent!
2022-08-30 15:48:50,083 [Worker-27: Building] INFO  o.e.m.c.i.embedder.EclipseLogger - skip non existing resourceDirectory C:\Users\Bravo\Programming\Repositories\Batches\220815_java_angular_aws\Training Notes\3-javaSE-api\week_3\src\test\resources
